
Project Performance Summary:
       36 ms  C:\source\bumbletalesair\Tools\iPhone Tools\Utility\Utility.vcxproj   1 calls
                 36 ms  build                                      1 calls

Target Performance Summary:
        0 ms  PostBuildEvent                             1 calls
        0 ms  _Manifest                                  1 calls
        0 ms  AfterBuild                                 1 calls
        0 ms  GetReferenceAssemblyPaths                  1 calls
        0 ms  AfterResourceCompile                       1 calls
        0 ms  _Midl                                      1 calls
        0 ms  _ClCompile                                 1 calls
        0 ms  AfterBuildCompileEvent                     1 calls
        0 ms  _Deploy                                    1 calls
        0 ms  ComputeCLCompileGeneratedSbrFiles          1 calls
        0 ms  AfterLib                                   1 calls
        0 ms  PreLinkEvent                               1 calls
        0 ms  ComputeMIDLGeneratedCompileInputs          1 calls
        0 ms  AfterMidl                                  1 calls
        0 ms  ComputeCLCompileGeneratedXDCFiles          1 calls
        0 ms  AfterClCompile                             1 calls
        0 ms  BeforeLib                                  1 calls
        0 ms  _DetermineManagedStateFromCL               1 calls
        0 ms  PlatformPrepareForBuild                    1 calls
        0 ms  BuildLinkTraverse                          1 calls
        0 ms  ComputeCLGeneratedLibInputs                1 calls
        0 ms  _Xsd                                       1 calls
        0 ms  ComputeCustomBuildOutput                   1 calls
        0 ms  _ResourceCompile                           1 calls
        0 ms  ComputeRCGeneratedLibInputs                1 calls
        0 ms  ResolveReferences                          1 calls
        0 ms  _CheckForCompileOutputs                    1 calls
        0 ms  CreateSatelliteAssemblies                  1 calls
        0 ms  _GenerateXMLData                           1 calls
        0 ms  _GenerateSatelliteAssemblyInputs           1 calls
        0 ms  ComputeLibInputsFromProject                1 calls
        0 ms  AfterBuildGenerateSources                  1 calls
        0 ms  _Appverifier                               1 calls
        0 ms  Build                                      1 calls
        0 ms  MakeDirsForMidl                            1 calls
        0 ms  BeforeResolveReferences                    1 calls
        0 ms  ComputeReferenceCLInput                    1 calls
        0 ms  _XdcMake                                   1 calls
        0 ms  BuildCompileTraverse                       1 calls
        0 ms  _Lib                                       1 calls
        0 ms  BuildGenerateSourcesTraverse               1 calls
        0 ms  BeforeResourceCompile                      1 calls
        0 ms  BuildGenerateSources                       1 calls
        0 ms  _ALink                                     1 calls
        0 ms  _BscMake                                   1 calls
        0 ms  MakeDirsForBscMake                         1 calls
        0 ms  AfterResolveReferences                     1 calls
        0 ms  BuildCompile                               1 calls
        0 ms  BeforeBuildGenerateSources                 1 calls
        0 ms  GenerateTargetFrameworkMonikerAttribute    1 calls
        0 ms  _GenerateWebServiceProxy                   1 calls
        0 ms  MakeDirsForXdcMake                         1 calls
        0 ms  BuildLink                                  1 calls
        0 ms  ComputeRCOutputs                           1 calls
        0 ms  _CopySourceItemsToOutputDirectory          1 calls
        0 ms  BeforeClCompile                            1 calls
        0 ms  ComputeLibAdditionalOptions                1 calls
        0 ms  AfterBuildGenerateSourcesEvent             1 calls
        1 ms  AssignTargetPaths                          1 calls
        1 ms  MakeDirsForResourceCompile                 1 calls
        1 ms  _PrepareForBuild                           1 calls
        1 ms  RegisterOutput                             1 calls
        1 ms  ComputeCLInputPDBName                      1 calls
        1 ms  GetFrameworkPaths                          1 calls
        1 ms  _SplitProjectReferencesByFileExistence     1 calls
        1 ms  PrepareForBuild                            1 calls
        1 ms  PreBuildEvent                              1 calls
        1 ms  CopyFilesToOutputDirectory                 1 calls
        1 ms  GetCopyToOutputDirectoryItems              1 calls
        1 ms  ResolvedXDCMake                            1 calls
        1 ms  MakeDirsForLib                             1 calls
        1 ms  ResolveProjectReferences                   1 calls
        2 ms  FinalizeBuildStatus                        1 calls
        3 ms  _CheckForInvalidConfigurationAndPlatform   1 calls
        4 ms  MakeDirsForCl                              1 calls
        6 ms  InitializeBuildStatus                      1 calls
        7 ms  SetBuildDefaultEnvironmentVariables        1 calls

Task Performance Summary:
        0 ms  Message                                    2 calls
        0 ms  AssignTargetPath                           5 calls
        1 ms  Touch                                      2 calls
        1 ms  ReadLinesFromFile                          1 calls
        1 ms  Delete                                     1 calls
        2 ms  MakeDir                                    9 calls
        4 ms  WriteLinesToFile                           1 calls
        7 ms  SetEnv                                     4 calls
