C:\SOURCE\BUMBLETALESAIR\TOOLS\IPHONE TOOLS\HGFGENERATOR\RELEASE\APP.RES
C:\SOURCE\BUMBLETALESAIR\TOOLS\IPHONE TOOLS\HGFGENERATOR\RELEASE\ASSEMBLYINFO.OBJ
C:\SOURCE\BUMBLETALESAIR\TOOLS\IPHONE TOOLS\HGFGENERATOR\RELEASE\COMPRESSOR.OBJ
C:\SOURCE\BUMBLETALESAIR\TOOLS\IPHONE TOOLS\HGFGENERATOR\RELEASE\HGFGENERATOR.OBJ
C:\SOURCE\BUMBLETALESAIR\TOOLS\IPHONE TOOLS\HGFGENERATOR\RELEASE\VC100.PDB
E:\SOURCE\BUMBLETALESAIR\TOOLS\IPHONE TOOLS\HGFGENERATOR\RELEASE\.NETFRAMEWORK,VERSION=V4.0.ASSEMBLYATTRIBUTES.OBJ
E:\SOURCE\BUMBLETALESAIR\TOOLS\IPHONE TOOLS\HGFGENERATOR\RELEASE\APP.RES
E:\SOURCE\BUMBLETALESAIR\TOOLS\IPHONE TOOLS\HGFGENERATOR\RELEASE\ASSEMBLYINFO.OBJ
E:\source\bumbletalesair\Tools\iPhone Tools\HGFGenerator\Release\CL.1612.read.1.tlog
E:\source\bumbletalesair\Tools\iPhone Tools\HGFGenerator\Release\CL.1612.write.1.tlog
E:\source\bumbletalesair\Tools\iPhone Tools\HGFGenerator\Release\CL.1692.read.1.tlog
E:\source\bumbletalesair\Tools\iPhone Tools\HGFGenerator\Release\CL.1692.write.1.tlog
E:\source\bumbletalesair\Tools\iPhone Tools\HGFGenerator\Release\CL.1728.read.1.tlog
E:\source\bumbletalesair\Tools\iPhone Tools\HGFGenerator\Release\CL.1728.write.1.tlog
E:\source\bumbletalesair\Tools\iPhone Tools\HGFGenerator\Release\CL.5436.read.1.tlog
E:\source\bumbletalesair\Tools\iPhone Tools\HGFGenerator\Release\CL.5436.write.1.tlog
E:\source\bumbletalesair\Tools\iPhone Tools\HGFGenerator\Release\CL.5492.read.1.tlog
E:\source\bumbletalesair\Tools\iPhone Tools\HGFGenerator\Release\CL.5492.write.1.tlog
E:\source\bumbletalesair\Tools\iPhone Tools\HGFGenerator\Release\CL.5536.read.1.tlog
E:\source\bumbletalesair\Tools\iPhone Tools\HGFGenerator\Release\CL.5536.write.1.tlog
E:\source\bumbletalesair\Tools\iPhone Tools\HGFGenerator\Release\CL.6872.read.1.tlog
E:\source\bumbletalesair\Tools\iPhone Tools\HGFGenerator\Release\CL.6872.write.1.tlog
E:\source\bumbletalesair\Tools\iPhone Tools\HGFGenerator\Release\CL.728.read.1.tlog
E:\source\bumbletalesair\Tools\iPhone Tools\HGFGenerator\Release\CL.728.write.1.tlog
E:\source\bumbletalesair\Tools\iPhone Tools\HGFGenerator\Release\CL.8248.read.1.tlog
E:\source\bumbletalesair\Tools\iPhone Tools\HGFGenerator\Release\CL.8248.write.1.tlog
E:\source\bumbletalesair\Tools\iPhone Tools\HGFGenerator\Release\CL.8324.read.1.tlog
E:\source\bumbletalesair\Tools\iPhone Tools\HGFGenerator\Release\CL.8324.write.1.tlog
E:\source\bumbletalesair\Tools\iPhone Tools\HGFGenerator\Release\CL.8428.read.1.tlog
E:\source\bumbletalesair\Tools\iPhone Tools\HGFGenerator\Release\CL.8428.write.1.tlog
E:\source\bumbletalesair\Tools\iPhone Tools\HGFGenerator\Release\CL.8468.read.1.tlog
E:\source\bumbletalesair\Tools\iPhone Tools\HGFGenerator\Release\CL.8468.write.1.tlog
E:\source\bumbletalesair\Tools\iPhone Tools\HGFGenerator\Release\CL.8484.read.1.tlog
E:\source\bumbletalesair\Tools\iPhone Tools\HGFGenerator\Release\CL.8484.write.1.tlog
E:\source\bumbletalesair\Tools\iPhone Tools\HGFGenerator\Release\CL.8752.read.1.tlog
E:\source\bumbletalesair\Tools\iPhone Tools\HGFGenerator\Release\CL.8752.write.1.tlog
E:\source\bumbletalesair\Tools\iPhone Tools\HGFGenerator\Release\CL.8852.read.1.tlog
E:\source\bumbletalesair\Tools\iPhone Tools\HGFGenerator\Release\CL.8852.write.1.tlog
E:\source\bumbletalesair\Tools\iPhone Tools\HGFGenerator\Release\CL.8856.read.1.tlog
E:\source\bumbletalesair\Tools\iPhone Tools\HGFGenerator\Release\CL.8856.write.1.tlog
E:\source\bumbletalesair\Tools\iPhone Tools\HGFGenerator\Release\CL.8948.read.1.tlog
E:\source\bumbletalesair\Tools\iPhone Tools\HGFGenerator\Release\CL.8948.write.1.tlog
E:\source\bumbletalesair\Tools\iPhone Tools\HGFGenerator\Release\CL.9112.read.1.tlog
E:\source\bumbletalesair\Tools\iPhone Tools\HGFGenerator\Release\CL.9112.write.1.tlog
E:\source\bumbletalesair\Tools\iPhone Tools\HGFGenerator\Release\cl.command.1.tlog
E:\source\bumbletalesair\Tools\iPhone Tools\HGFGenerator\Release\CL.read.1.tlog
E:\source\bumbletalesair\Tools\iPhone Tools\HGFGenerator\Release\cl.write.1.tlog
E:\SOURCE\BUMBLETALESAIR\TOOLS\IPHONE TOOLS\HGFGENERATOR\RELEASE\COMPRESSOR.OBJ
E:\SOURCE\BUMBLETALESAIR\TOOLS\IPHONE TOOLS\HGFGENERATOR\RELEASE\HGFGENERATOR.DLL.INTERMEDIATE.MANIFEST
E:\SOURCE\BUMBLETALESAIR\TOOLS\IPHONE TOOLS\HGFGENERATOR\RELEASE\HGFGENERATOR.OBJ
E:\SOURCE\BUMBLETALESAIR\TOOLS\IPHONE TOOLS\HGFGENERATOR\RELEASE\HGFGENERATOR.PCH
E:\source\bumbletalesair\Tools\iPhone Tools\HGFGenerator\Release\HGFGenerator.write.1.tlog
E:\source\bumbletalesair\Tools\iPhone Tools\HGFGenerator\Release\link.1492.read.1.tlog
E:\source\bumbletalesair\Tools\iPhone Tools\HGFGenerator\Release\link.1492.write.1.tlog
E:\source\bumbletalesair\Tools\iPhone Tools\HGFGenerator\Release\link.4292.read.1.tlog
E:\source\bumbletalesair\Tools\iPhone Tools\HGFGenerator\Release\link.4292.write.1.tlog
E:\source\bumbletalesair\Tools\iPhone Tools\HGFGenerator\Release\link.4356.read.1.tlog
E:\source\bumbletalesair\Tools\iPhone Tools\HGFGenerator\Release\link.4356.write.1.tlog
E:\source\bumbletalesair\Tools\iPhone Tools\HGFGenerator\Release\link.4928.read.1.tlog
E:\source\bumbletalesair\Tools\iPhone Tools\HGFGenerator\Release\link.4928.write.1.tlog
E:\source\bumbletalesair\Tools\iPhone Tools\HGFGenerator\Release\link.5500.read.1.tlog
E:\source\bumbletalesair\Tools\iPhone Tools\HGFGenerator\Release\link.5500.write.1.tlog
E:\source\bumbletalesair\Tools\iPhone Tools\HGFGenerator\Release\link.5744.read.1.tlog
E:\source\bumbletalesair\Tools\iPhone Tools\HGFGenerator\Release\link.5744.write.1.tlog
E:\source\bumbletalesair\Tools\iPhone Tools\HGFGenerator\Release\link.6340.read.1.tlog
E:\source\bumbletalesair\Tools\iPhone Tools\HGFGenerator\Release\link.6340.write.1.tlog
E:\source\bumbletalesair\Tools\iPhone Tools\HGFGenerator\Release\link.6368.read.1.tlog
E:\source\bumbletalesair\Tools\iPhone Tools\HGFGenerator\Release\link.6368.write.1.tlog
E:\source\bumbletalesair\Tools\iPhone Tools\HGFGenerator\Release\link.7996.read.1.tlog
E:\source\bumbletalesair\Tools\iPhone Tools\HGFGenerator\Release\link.7996.write.1.tlog
E:\source\bumbletalesair\Tools\iPhone Tools\HGFGenerator\Release\link.8276.read.1.tlog
E:\source\bumbletalesair\Tools\iPhone Tools\HGFGenerator\Release\link.8276.write.1.tlog
E:\source\bumbletalesair\Tools\iPhone Tools\HGFGenerator\Release\link.8412.read.1.tlog
E:\source\bumbletalesair\Tools\iPhone Tools\HGFGenerator\Release\link.8412.write.1.tlog
E:\source\bumbletalesair\Tools\iPhone Tools\HGFGenerator\Release\link.8516.read.1.tlog
E:\source\bumbletalesair\Tools\iPhone Tools\HGFGenerator\Release\link.8516.write.1.tlog
E:\source\bumbletalesair\Tools\iPhone Tools\HGFGenerator\Release\link.8556.read.1.tlog
E:\source\bumbletalesair\Tools\iPhone Tools\HGFGenerator\Release\link.8556.write.1.tlog
E:\source\bumbletalesair\Tools\iPhone Tools\HGFGenerator\Release\link.8660.read.1.tlog
E:\source\bumbletalesair\Tools\iPhone Tools\HGFGenerator\Release\link.8660.write.1.tlog
E:\source\bumbletalesair\Tools\iPhone Tools\HGFGenerator\Release\link.9212.read.1.tlog
E:\source\bumbletalesair\Tools\iPhone Tools\HGFGenerator\Release\link.9212.write.1.tlog
E:\source\bumbletalesair\Tools\iPhone Tools\HGFGenerator\Release\link.command.1.tlog
E:\source\bumbletalesair\Tools\iPhone Tools\HGFGenerator\Release\link.read.1.tlog
E:\source\bumbletalesair\Tools\iPhone Tools\HGFGenerator\Release\link.write.1.tlog
E:\source\bumbletalesair\Tools\iPhone Tools\HGFGenerator\Release\link-cvtres.read.1.tlog
E:\source\bumbletalesair\Tools\iPhone Tools\HGFGenerator\Release\link-cvtres.write.1.tlog
E:\source\bumbletalesair\Tools\iPhone Tools\HGFGenerator\Release\metagen.read.1.tlog
E:\source\bumbletalesair\Tools\iPhone Tools\HGFGenerator\Release\metagen.write.1.tlog
E:\source\bumbletalesair\Tools\iPhone Tools\HGFGenerator\Release\mt.command.1.tlog
E:\source\bumbletalesair\Tools\iPhone Tools\HGFGenerator\Release\mt.read.1.tlog
E:\source\bumbletalesair\Tools\iPhone Tools\HGFGenerator\Release\mt.write.1.tlog
E:\source\bumbletalesair\Tools\iPhone Tools\HGFGenerator\Release\rc.command.1.tlog
E:\source\bumbletalesair\Tools\iPhone Tools\HGFGenerator\Release\rc.read.1.tlog
E:\source\bumbletalesair\Tools\iPhone Tools\HGFGenerator\Release\rc.write.1.tlog
E:\source\bumbletalesair\Tools\iPhone Tools\HGFGenerator\Release\ResolveAssemblyReference.cache
E:\source\bumbletalesair\Tools\iPhone Tools\HGFGenerator\Release\RSAENH.DLL.bi
E:\SOURCE\BUMBLETALESAIR\TOOLS\IPHONE TOOLS\HGFGENERATOR\RELEASE\STDAFX.OBJ
E:\source\bumbletalesair\Tools\iPhone Tools\HGFGenerator\Release\TZRES.DLL.bi
E:\SOURCE\BUMBLETALESAIR\TOOLS\IPHONE TOOLS\HGFGENERATOR\RELEASE\VC100.PDB
E:\source\bumbletalesair\Tools\iPhone Tools\HGFGenerator\Release\vc90.idb
E:\source\bumbletalesair\Tools\iPhone Tools\HGFGenerator\Release\vc90.pdb
E:\SOURCE\BUMBLETALESAIR\TOOLS\IPHONE TOOLS\RELEASE\HGFGENERATOR.DLL
E:\SOURCE\BUMBLETALESAIR\TOOLS\IPHONE TOOLS\RELEASE\HGFGENERATOR.PDB
