Build started 3/26/2013 10:54:35 PM.
     1>Project "E:\source\BumbleTales\Tools\iPhone Tools\HGFGenerator\HGFGenerator.vcxproj" on node 2 (build target(s)).
     1>InitializeBuildStatus:
         Creating "Release\HGFGenerator.unsuccessfulbuild" because "AlwaysCreate" was specified.
       GenerateTargetFrameworkMonikerAttribute:
       Skipping target "GenerateTargetFrameworkMonikerAttribute" because all output files are up-to-date with respect to the input files.
       ClCompile:
         All outputs are up-to-date.
         All outputs are up-to-date.
         All outputs are up-to-date.
       ResourceCompile:
         All outputs are up-to-date.
       Link:
         All outputs are up-to-date.
         HGFGenerator.vcxproj -> E:\source\BumbleTales\Tools\iPhone Tools\Release\HGFGenerator.dll
       MetaGen:
       Skipping target "MetaGen" because all output files are up-to-date with respect to the input files.
       FinalizeBuildStatus:
         Deleting file "Release\HGFGenerator.unsuccessfulbuild".
         Touching "Release\HGFGenerator.lastbuildstate".
     1>Done Building Project "E:\source\BumbleTales\Tools\iPhone Tools\HGFGenerator\HGFGenerator.vcxproj" (build target(s)).

Build succeeded.

Time Elapsed 00:00:00.56
